Started GET "/" for 127.0.0.1 at 2018-09-28 18:40:36 +0200
Processing by Rails::WelcomeController#index as HTML
  Rendering /Users/zulix/.rvm/gems/ruby-2.2.4/gems/railties-5.2.1/lib/rails/templates/rails/welcome/index.html.erb
  Rendered /Users/zulix/.rvm/gems/ruby-2.2.4/gems/railties-5.2.1/lib/rails/templates/rails/welcome/index.html.erb (6.9ms)
Completed 200 OK in 89ms (Views: 50.1ms | ActiveRecord: 0.0ms)


Started GET "/" for 127.0.0.1 at 2018-09-28 19:07:22 +0200
Processing by ReservationsController#index as HTML
  Rendering reservations/index.html.erb within layouts/application
  Rendered reservations/index.html.erb within layouts/application (18.5ms)
Completed 500 Internal Server Error in 135ms (ActiveRecord: 0.0ms)


  
ActionView::Template::Error (Range can't be coerced into Fixnum):
    1: <h1>Kalendarz</h1>
    2: 
    3: <% [0..4].each do |index| %>
    4:   <% month = Time.zone.now.month + index %>
    5:   <%= month %>
    6:   <% month.days.each do |day| %>
    7:     <%= day %>
  
app/views/reservations/index.html.erb:4:in `+'
app/views/reservations/index.html.erb:4:in `block in _app_views_reservations_index_html_erb__2327435043063787828_70348780847740'
app/views/reservations/index.html.erb:3:in `each'
app/views/reservations/index.html.erb:3:in `_app_views_reservations_index_html_erb__2327435043063787828_70348780847740'
Started GET "/" for 127.0.0.1 at 2018-09-28 19:07:55 +0200
Processing by ReservationsController#index as HTML
  Rendering reservations/index.html.erb within layouts/application
  Rendered reservations/index.html.erb within layouts/application (3.2ms)
Completed 500 Internal Server Error in 11ms (ActiveRecord: 0.0ms)


  
ActionView::Template::Error (undefined method `each' for 777600:Fixnum):
    3: <% (0..4).to_a.each do |index| %>
    4:   <% month = Time.zone.now.month + index %>
    5:   <%= month %>
    6:   <% month.days.each do |day| %>
    7:     <%= day %>
    8:   <% end %>
    9: <% end %>
  
app/views/reservations/index.html.erb:6:in `block in _app_views_reservations_index_html_erb__2327435043063787828_70348813632800'
app/views/reservations/index.html.erb:3:in `each'
app/views/reservations/index.html.erb:3:in `_app_views_reservations_index_html_erb__2327435043063787828_70348813632800'
Started GET "/" for 127.0.0.1 at 2018-09-28 19:10:20 +0200
Processing by ReservationsController#index as HTML
  Rendering reservations/index.html.erb within layouts/application
  Rendered reservations/index.html.erb within layouts/application (50.2ms)
Completed 500 Internal Server Error in 73ms (ActiveRecord: 0.0ms)


  
ActionView::Template::Error (undefined method `upto' for Fri, 28 Sep 2018 17:10:20 UTC +00:00:Time):
    1: <h1>Kalendarz</h1>
    2: 
    3: <% Time.zone.now.upto(Time.zone.now + 4.months) do |date| %>
    4:   <%= date %>
    5: <% end %>
  
app/views/reservations/index.html.erb:3:in `_app_views_reservations_index_html_erb__2327435043063787828_70348779854140'
Started GET "/" for 127.0.0.1 at 2018-09-28 19:10:53 +0200
Processing by ReservationsController#index as HTML
  Rendering reservations/index.html.erb within layouts/application
  Rendered reservations/index.html.erb within layouts/application (87.6ms)
Completed 200 OK in 3011ms (Views: 3007.0ms | ActiveRecord: 0.0ms)


Started GET "/" for 127.0.0.1 at 2018-09-28 19:27:04 +0200
Processing by ReservationsController#index as HTML
  Rendering reservations/index.html.erb within layouts/application
  Rendered reservations/index.html.erb within layouts/application (2.7ms)
Completed 200 OK in 4958ms (Views: 4940.5ms | ActiveRecord: 0.0ms)


  
ActionController::RoutingError (No route matches [GET] "/assets/materialize/components/color-variables"):
  
actionpack (5.2.1) lib/action_dispatch/middleware/debug_exceptions.rb:65:in `call'
web-console (3.7.0) lib/web_console/middleware.rb:135:in `call_app'
web-console (3.7.0) lib/web_console/middleware.rb:30:in `block in call'
web-console (3.7.0) lib/web_console/middleware.rb:20:in `catch'
web-console (3.7.0) lib/web_console/middleware.rb:20:in `call'
actionpack (5.2.1) lib/action_dispatch/middleware/show_exceptions.rb:33:in `call'
railties (5.2.1) lib/rails/rack/logger.rb:38:in `call_app'
railties (5.2.1) lib/rails/rack/logger.rb:26:in `block in call'
activesupport (5.2.1) lib/active_support/tagged_logging.rb:71:in `block in tagged'
activesupport (5.2.1) lib/active_support/tagged_logging.rb:28:in `tagged'
activesupport (5.2.1) lib/active_support/tagged_logging.rb:71:in `tagged'
railties (5.2.1) lib/rails/rack/logger.rb:26:in `call'
sprockets-rails (3.2.1) lib/sprockets/rails/quiet_assets.rb:11:in `block in call'
activesupport (5.2.1) lib/active_support/logger_silence.rb:21:in `silence'
activesupport (5.2.1) lib/active_support/logger.rb:65:in `block (3 levels) in broadcast'
activesupport (5.2.1) lib/active_support/logger_silence.rb:21:in `silence'
activesupport (5.2.1) lib/active_support/logger.rb:63:in `block (2 levels) in broadcast'
sprockets-rails (3.2.1) lib/sprockets/rails/quiet_assets.rb:11:in `call'
actionpack (5.2.1) lib/action_dispatch/middleware/remote_ip.rb:81:in `call'
actionpack (5.2.1) lib/action_dispatch/middleware/request_id.rb:27:in `call'
rack (2.0.5) lib/rack/method_override.rb:22:in `call'
rack (2.0.5) lib/rack/runtime.rb:22:in `call'
activesupport (5.2.1) lib/active_support/cache/strategy/local_cache_middleware.rb:29:in `call'
actionpack (5.2.1) lib/action_dispatch/middleware/executor.rb:14:in `call'
actionpack (5.2.1) lib/action_dispatch/middleware/static.rb:127:in `call'
rack (2.0.5) lib/rack/sendfile.rb:111:in `call'
railties (5.2.1) lib/rails/engine.rb:524:in `call'
puma (3.12.0) lib/puma/configuration.rb:225:in `call'
puma (3.12.0) lib/puma/server.rb:658:in `handle_request'
puma (3.12.0) lib/puma/server.rb:472:in `process_client'
puma (3.12.0) lib/puma/server.rb:332:in `block in run'
puma (3.12.0) lib/puma/thread_pool.rb:133:in `call'
puma (3.12.0) lib/puma/thread_pool.rb:133:in `block in spawn_thread'
Started GET "/" for 127.0.0.1 at 2018-09-28 19:28:54 +0200
Processing by ReservationsController#index as HTML
  Rendering reservations/index.html.erb within layouts/application
  Rendered reservations/index.html.erb within layouts/application (1.3ms)
Completed 200 OK in 100ms (Views: 94.9ms | ActiveRecord: 0.0ms)


  
ActionController::RoutingError (No route matches [GET] "/assets/materialize/components/color-variables"):
  
actionpack (5.2.1) lib/action_dispatch/middleware/debug_exceptions.rb:65:in `call'
web-console (3.7.0) lib/web_console/middleware.rb:135:in `call_app'
web-console (3.7.0) lib/web_console/middleware.rb:30:in `block in call'
web-console (3.7.0) lib/web_console/middleware.rb:20:in `catch'
web-console (3.7.0) lib/web_console/middleware.rb:20:in `call'
actionpack (5.2.1) lib/action_dispatch/middleware/show_exceptions.rb:33:in `call'
railties (5.2.1) lib/rails/rack/logger.rb:38:in `call_app'
railties (5.2.1) lib/rails/rack/logger.rb:26:in `block in call'
activesupport (5.2.1) lib/active_support/tagged_logging.rb:71:in `block in tagged'
activesupport (5.2.1) lib/active_support/tagged_logging.rb:28:in `tagged'
activesupport (5.2.1) lib/active_support/tagged_logging.rb:71:in `tagged'
railties (5.2.1) lib/rails/rack/logger.rb:26:in `call'
sprockets-rails (3.2.1) lib/sprockets/rails/quiet_assets.rb:11:in `block in call'
activesupport (5.2.1) lib/active_support/logger_silence.rb:21:in `silence'
activesupport (5.2.1) lib/active_support/logger.rb:65:in `block (3 levels) in broadcast'
activesupport (5.2.1) lib/active_support/logger_silence.rb:21:in `silence'
activesupport (5.2.1) lib/active_support/logger.rb:63:in `block (2 levels) in broadcast'
sprockets-rails (3.2.1) lib/sprockets/rails/quiet_assets.rb:11:in `call'
actionpack (5.2.1) lib/action_dispatch/middleware/remote_ip.rb:81:in `call'
actionpack (5.2.1) lib/action_dispatch/middleware/request_id.rb:27:in `call'
rack (2.0.5) lib/rack/method_override.rb:22:in `call'
rack (2.0.5) lib/rack/runtime.rb:22:in `call'
activesupport (5.2.1) lib/active_support/cache/strategy/local_cache_middleware.rb:29:in `call'
actionpack (5.2.1) lib/action_dispatch/middleware/executor.rb:14:in `call'
actionpack (5.2.1) lib/action_dispatch/middleware/static.rb:127:in `call'
rack (2.0.5) lib/rack/sendfile.rb:111:in `call'
railties (5.2.1) lib/rails/engine.rb:524:in `call'
puma (3.12.0) lib/puma/configuration.rb:225:in `call'
puma (3.12.0) lib/puma/server.rb:658:in `handle_request'
puma (3.12.0) lib/puma/server.rb:472:in `process_client'
puma (3.12.0) lib/puma/server.rb:332:in `block in run'
puma (3.12.0) lib/puma/thread_pool.rb:133:in `call'
puma (3.12.0) lib/puma/thread_pool.rb:133:in `block in spawn_thread'
Started GET "/" for 127.0.0.1 at 2018-09-28 19:41:39 +0200
Processing by ReservationsController#index as HTML
  Rendering reservations/index.html.erb within layouts/application
  Rendered reservations/index.html.erb within layouts/application (2.6ms)
Completed 200 OK in 675ms (Views: 639.0ms | ActiveRecord: 0.0ms)


  
ActionController::RoutingError (No route matches [GET] "/assets/materialize/components/color-variables"):
  
actionpack (5.2.1) lib/action_dispatch/middleware/debug_exceptions.rb:65:in `call'
web-console (3.7.0) lib/web_console/middleware.rb:135:in `call_app'
web-console (3.7.0) lib/web_console/middleware.rb:30:in `block in call'
web-console (3.7.0) lib/web_console/middleware.rb:20:in `catch'
web-console (3.7.0) lib/web_console/middleware.rb:20:in `call'
actionpack (5.2.1) lib/action_dispatch/middleware/show_exceptions.rb:33:in `call'
railties (5.2.1) lib/rails/rack/logger.rb:38:in `call_app'
railties (5.2.1) lib/rails/rack/logger.rb:26:in `block in call'
activesupport (5.2.1) lib/active_support/tagged_logging.rb:71:in `block in tagged'
activesupport (5.2.1) lib/active_support/tagged_logging.rb:28:in `tagged'
activesupport (5.2.1) lib/active_support/tagged_logging.rb:71:in `tagged'
railties (5.2.1) lib/rails/rack/logger.rb:26:in `call'
sprockets-rails (3.2.1) lib/sprockets/rails/quiet_assets.rb:11:in `block in call'
activesupport (5.2.1) lib/active_support/logger_silence.rb:21:in `silence'
activesupport (5.2.1) lib/active_support/logger.rb:65:in `block (3 levels) in broadcast'
activesupport (5.2.1) lib/active_support/logger_silence.rb:21:in `silence'
activesupport (5.2.1) lib/active_support/logger.rb:63:in `block (2 levels) in broadcast'
sprockets-rails (3.2.1) lib/sprockets/rails/quiet_assets.rb:11:in `call'
actionpack (5.2.1) lib/action_dispatch/middleware/remote_ip.rb:81:in `call'
actionpack (5.2.1) lib/action_dispatch/middleware/request_id.rb:27:in `call'
rack (2.0.5) lib/rack/method_override.rb:22:in `call'
rack (2.0.5) lib/rack/runtime.rb:22:in `call'
activesupport (5.2.1) lib/active_support/cache/strategy/local_cache_middleware.rb:29:in `call'
actionpack (5.2.1) lib/action_dispatch/middleware/executor.rb:14:in `call'
actionpack (5.2.1) lib/action_dispatch/middleware/static.rb:127:in `call'
rack (2.0.5) lib/rack/sendfile.rb:111:in `call'
railties (5.2.1) lib/rails/engine.rb:524:in `call'
puma (3.12.0) lib/puma/configuration.rb:225:in `call'
puma (3.12.0) lib/puma/server.rb:658:in `handle_request'
puma (3.12.0) lib/puma/server.rb:472:in `process_client'
puma (3.12.0) lib/puma/server.rb:332:in `block in run'
puma (3.12.0) lib/puma/thread_pool.rb:133:in `call'
puma (3.12.0) lib/puma/thread_pool.rb:133:in `block in spawn_thread'
Started GET "/" for 127.0.0.1 at 2018-09-28 19:51:50 +0200
Processing by ReservationsController#index as HTML
  Rendering reservations/index.html.erb within layouts/application
  Rendered reservations/index.html.erb within layouts/application (4.1ms)
Completed 200 OK in 5894ms (Views: 5858.6ms | ActiveRecord: 0.0ms)


  
ActionController::RoutingError (No route matches [GET] "/assets/materialize/components/color-variables"):
  
actionpack (5.2.1) lib/action_dispatch/middleware/debug_exceptions.rb:65:in `call'
web-console (3.7.0) lib/web_console/middleware.rb:135:in `call_app'
web-console (3.7.0) lib/web_console/middleware.rb:30:in `block in call'
web-console (3.7.0) lib/web_console/middleware.rb:20:in `catch'
web-console (3.7.0) lib/web_console/middleware.rb:20:in `call'
actionpack (5.2.1) lib/action_dispatch/middleware/show_exceptions.rb:33:in `call'
railties (5.2.1) lib/rails/rack/logger.rb:38:in `call_app'
railties (5.2.1) lib/rails/rack/logger.rb:26:in `block in call'
activesupport (5.2.1) lib/active_support/tagged_logging.rb:71:in `block in tagged'
activesupport (5.2.1) lib/active_support/tagged_logging.rb:28:in `tagged'
activesupport (5.2.1) lib/active_support/tagged_logging.rb:71:in `tagged'
railties (5.2.1) lib/rails/rack/logger.rb:26:in `call'
sprockets-rails (3.2.1) lib/sprockets/rails/quiet_assets.rb:11:in `block in call'
activesupport (5.2.1) lib/active_support/logger_silence.rb:21:in `silence'
activesupport (5.2.1) lib/active_support/logger.rb:65:in `block (3 levels) in broadcast'
activesupport (5.2.1) lib/active_support/logger_silence.rb:21:in `silence'
activesupport (5.2.1) lib/active_support/logger.rb:63:in `block (2 levels) in broadcast'
sprockets-rails (3.2.1) lib/sprockets/rails/quiet_assets.rb:11:in `call'
actionpack (5.2.1) lib/action_dispatch/middleware/remote_ip.rb:81:in `call'
actionpack (5.2.1) lib/action_dispatch/middleware/request_id.rb:27:in `call'
rack (2.0.5) lib/rack/method_override.rb:22:in `call'
rack (2.0.5) lib/rack/runtime.rb:22:in `call'
activesupport (5.2.1) lib/active_support/cache/strategy/local_cache_middleware.rb:29:in `call'
actionpack (5.2.1) lib/action_dispatch/middleware/executor.rb:14:in `call'
actionpack (5.2.1) lib/action_dispatch/middleware/static.rb:127:in `call'
rack (2.0.5) lib/rack/sendfile.rb:111:in `call'
railties (5.2.1) lib/rails/engine.rb:524:in `call'
puma (3.12.0) lib/puma/configuration.rb:225:in `call'
puma (3.12.0) lib/puma/server.rb:658:in `handle_request'
puma (3.12.0) lib/puma/server.rb:472:in `process_client'
puma (3.12.0) lib/puma/server.rb:332:in `block in run'
puma (3.12.0) lib/puma/thread_pool.rb:133:in `call'
puma (3.12.0) lib/puma/thread_pool.rb:133:in `block in spawn_thread'
Started GET "/" for 127.0.0.1 at 2018-09-28 20:02:52 +0200
Processing by ReservationsController#index as HTML
  Rendering reservations/index.html.erb within layouts/application
  Rendered reservations/index.html.erb within layouts/application (2.9ms)
Completed 200 OK in 10521ms (Views: 10482.8ms | ActiveRecord: 0.0ms)


Started GET "/" for 127.0.0.1 at 2018-09-28 20:03:57 +0200
Processing by ReservationsController#index as HTML
  Rendering reservations/index.html.erb within layouts/application
  Rendered reservations/index.html.erb within layouts/application (1.9ms)
Completed 200 OK in 352ms (Views: 347.0ms | ActiveRecord: 0.0ms)


Started GET "/" for 127.0.0.1 at 2018-09-28 20:05:12 +0200
Processing by ReservationsController#index as HTML
  Rendering reservations/index.html.erb within layouts/application
  Rendered reservations/index.html.erb within layouts/application (1.8ms)
Completed 200 OK in 5767ms (Views: 5748.2ms | ActiveRecord: 0.0ms)


Started GET "/" for 127.0.0.1 at 2018-09-28 20:25:55 +0200
Processing by ReservationsController#index as HTML
  Rendering reservations/index.html.erb within layouts/application
  Rendered reservations/index.html.erb within layouts/application (11.6ms)
Completed 200 OK in 808ms (Views: 784.2ms | ActiveRecord: 0.0ms)


Started GET "/" for 127.0.0.1 at 2018-09-28 20:28:34 +0200
Processing by ReservationsController#index as HTML
  Rendering reservations/index.html.erb within layouts/application
  Rendered reservations/index.html.erb within layouts/application (2.1ms)
Completed 200 OK in 132ms (Views: 105.4ms | ActiveRecord: 0.0ms)


Started GET "/" for 127.0.0.1 at 2018-09-28 20:30:50 +0200
Processing by ReservationsController#index as HTML
  Rendering reservations/index.html.erb within layouts/application
  Rendered reservations/index.html.erb within layouts/application (3.6ms)
Completed 200 OK in 596ms (Views: 462.5ms | ActiveRecord: 0.0ms)


Started GET "/" for 127.0.0.1 at 2018-09-28 20:31:39 +0200
Processing by ReservationsController#index as HTML
  Rendering reservations/index.html.erb within layouts/application
  Rendered reservations/index.html.erb within layouts/application (3.0ms)
Completed 200 OK in 149ms (Views: 139.4ms | ActiveRecord: 0.0ms)


Started GET "/" for 127.0.0.1 at 2018-09-28 20:32:19 +0200
Processing by ReservationsController#index as HTML
Completed 500 Internal Server Error in 2ms (ActiveRecord: 0.0ms)


  
I18n::InvalidLocale ("pl" is not a valid locale):
  
app/controllers/reservations_controller.rb:3:in `block in index'
app/controllers/reservations_controller.rb:3:in `map'
app/controllers/reservations_controller.rb:3:in `index'
Started GET "/" for 127.0.0.1 at 2018-09-28 20:32:58 +0200
Processing by ReservationsController#index as HTML
Completed 500 Internal Server Error in 1ms (ActiveRecord: 0.0ms)


  
I18n::InvalidLocale (:pl is not a valid locale):
  
app/controllers/reservations_controller.rb:3:in `block in index'
app/controllers/reservations_controller.rb:3:in `map'
app/controllers/reservations_controller.rb:3:in `index'
Started GET "/" for 127.0.0.1 at 2018-09-28 20:33:08 +0200
Processing by ReservationsController#index as HTML
Completed 500 Internal Server Error in 1ms (ActiveRecord: 0.0ms)


  
I18n::InvalidLocale ("pl-PL" is not a valid locale):
  
app/controllers/reservations_controller.rb:3:in `block in index'
app/controllers/reservations_controller.rb:3:in `map'
app/controllers/reservations_controller.rb:3:in `index'
Started GET "/" for 127.0.0.1 at 2018-09-28 20:34:14 +0200
Processing by ReservationsController#index as HTML
Completed 500 Internal Server Error in 104ms (ActiveRecord: 0.0ms)


  
I18n::InvalidLocale (:pl is not a valid locale):
  
app/controllers/reservations_controller.rb:3:in `block in index'
app/controllers/reservations_controller.rb:3:in `map'
app/controllers/reservations_controller.rb:3:in `index'
Started GET "/" for 127.0.0.1 at 2018-09-28 20:35:49 +0200
Processing by ReservationsController#index as HTML
Completed 500 Internal Server Error in 19ms (ActiveRecord: 0.0ms)


  
I18n::InvalidLocale (:pl is not a valid locale):
  
app/controllers/reservations_controller.rb:3:in `block in index'
app/controllers/reservations_controller.rb:3:in `map'
app/controllers/reservations_controller.rb:3:in `index'
Started GET "/" for 127.0.0.1 at 2018-09-28 20:36:02 +0200
Processing by ReservationsController#index as HTML
  Rendering reservations/index.html.erb within layouts/application
  Rendered reservations/index.html.erb within layouts/application (3.5ms)
Completed 200 OK in 706ms (Views: 624.8ms | ActiveRecord: 0.0ms)


Started GET "/" for 127.0.0.1 at 2018-09-28 20:40:16 +0200
Processing by ReservationsController#index as HTML
Completed 500 Internal Server Error in 76ms (ActiveRecord: 0.0ms)


  
I18n::InvalidLocale (:pl is not a valid locale):
  
app/controllers/reservations_controller.rb:3:in `block in index'
app/controllers/reservations_controller.rb:3:in `map'
app/controllers/reservations_controller.rb:3:in `index'
Started GET "/" for 127.0.0.1 at 2018-09-28 20:41:33 +0200
Processing by ReservationsController#index as HTML
Completed 500 Internal Server Error in 19ms (ActiveRecord: 0.0ms)


  
I18n::InvalidLocale (:pl is not a valid locale):
  
app/controllers/reservations_controller.rb:3:in `block in index'
app/controllers/reservations_controller.rb:3:in `map'
app/controllers/reservations_controller.rb:3:in `index'
Started GET "/" for 127.0.0.1 at 2018-09-28 20:42:20 +0200
Processing by ReservationsController#index as HTML
Completed 500 Internal Server Error in 15ms (ActiveRecord: 0.0ms)


  
I18n::InvalidLocale (:pl is not a valid locale):
  
app/controllers/reservations_controller.rb:3:in `block in index'
app/controllers/reservations_controller.rb:3:in `map'
app/controllers/reservations_controller.rb:3:in `index'
Started GET "/" for 127.0.0.1 at 2018-09-28 20:45:28 +0200
Processing by ReservationsController#index as HTML
Completed 500 Internal Server Error in 84ms (ActiveRecord: 0.0ms)


  
I18n::InvalidLocale (:pl is not a valid locale):
  
app/controllers/reservations_controller.rb:3:in `block in index'
app/controllers/reservations_controller.rb:3:in `map'
app/controllers/reservations_controller.rb:3:in `index'
Started GET "/" for 127.0.0.1 at 2018-09-28 20:47:49 +0200
Processing by ReservationsController#index as HTML
Completed 500 Internal Server Error in 93ms (ActiveRecord: 0.0ms)


  
I18n::InvalidLocale (:pl is not a valid locale):
  
app/controllers/reservations_controller.rb:3:in `block in index'
app/controllers/reservations_controller.rb:3:in `map'
app/controllers/reservations_controller.rb:3:in `index'
Started GET "/" for 127.0.0.1 at 2018-09-28 20:49:49 +0200
Processing by ReservationsController#index as HTML
  Rendering reservations/index.html.erb within layouts/application
  Rendered reservations/index.html.erb within layouts/application (6.3ms)
Completed 200 OK in 1263ms (Views: 1145.0ms | ActiveRecord: 0.0ms)


Started GET "/" for 127.0.0.1 at 2018-09-28 20:50:04 +0200
Processing by ReservationsController#index as HTML
  Rendering reservations/index.html.erb within layouts/application
  Rendered reservations/index.html.erb within layouts/application (3.2ms)
Completed 200 OK in 158ms (Views: 146.7ms | ActiveRecord: 0.0ms)


